C:\USERS\FRITZ\DOCUMENTS\UNLV\SPRING 2013\CS 202\ASSIGNMENTNO13\ASSIGNMENTNO13\DEBUG\VC110.PDB
C:\USERS\FRITZ\DOCUMENTS\UNLV\SPRING 2013\CS 202\ASSIGNMENTNO13\ASSIGNMENTNO13\DEBUG\STACKTEST.OBJ
C:\USERS\FRITZ\DOCUMENTS\UNLV\SPRING 2013\CS 202\ASSIGNMENTNO13\ASSIGNMENTNO13\DEBUG\EVAL.OBJ
C:\Users\Fritz\Documents\UNLV\SPRING 2013\CS 202\AssignmentNo13\AssignmentNo13\Debug\eval.obj
C:\Users\Fritz\Documents\UNLV\SPRING 2013\CS 202\AssignmentNo13\AssignmentNo13\Debug\stackTest.obj
C:\Users\Fritz\Documents\UNLV\SPRING 2013\CS 202\AssignmentNo13\AssignmentNo13\Debug\cl.command.1.tlog
C:\Users\Fritz\Documents\UNLV\SPRING 2013\CS 202\AssignmentNo13\AssignmentNo13\Debug\CL.read.1.tlog
C:\Users\Fritz\Documents\UNLV\SPRING 2013\CS 202\AssignmentNo13\AssignmentNo13\Debug\CL.write.1.tlog
C:\Users\Fritz\Documents\UNLV\SPRING 2013\CS 202\AssignmentNo13\AssignmentNo13\Debug\link-cvtres.read.1.tlog
C:\Users\Fritz\Documents\UNLV\SPRING 2013\CS 202\AssignmentNo13\AssignmentNo13\Debug\link-cvtres.write.1.tlog
C:\Users\Fritz\Documents\UNLV\SPRING 2013\CS 202\AssignmentNo13\AssignmentNo13\Debug\link-rc.read.1.tlog
C:\Users\Fritz\Documents\UNLV\SPRING 2013\CS 202\AssignmentNo13\AssignmentNo13\Debug\link-rc.write.1.tlog
C:\Users\Fritz\Documents\UNLV\SPRING 2013\CS 202\AssignmentNo13\AssignmentNo13\Debug\link.4932-cvtres.read.1.tlog
C:\Users\Fritz\Documents\UNLV\SPRING 2013\CS 202\AssignmentNo13\AssignmentNo13\Debug\link.4932-cvtres.write.1.tlog
C:\Users\Fritz\Documents\UNLV\SPRING 2013\CS 202\AssignmentNo13\AssignmentNo13\Debug\link.4932-rc.read.1.tlog
C:\Users\Fritz\Documents\UNLV\SPRING 2013\CS 202\AssignmentNo13\AssignmentNo13\Debug\link.4932-rc.write.1.tlog
C:\Users\Fritz\Documents\UNLV\SPRING 2013\CS 202\AssignmentNo13\AssignmentNo13\Debug\link.4932.read.1.tlog
C:\Users\Fritz\Documents\UNLV\SPRING 2013\CS 202\AssignmentNo13\AssignmentNo13\Debug\link.4932.write.1.tlog
C:\Users\Fritz\Documents\UNLV\SPRING 2013\CS 202\AssignmentNo13\AssignmentNo13\Debug\link.5172-cvtres.read.1.tlog
C:\Users\Fritz\Documents\UNLV\SPRING 2013\CS 202\AssignmentNo13\AssignmentNo13\Debug\link.5172-cvtres.write.1.tlog
C:\Users\Fritz\Documents\UNLV\SPRING 2013\CS 202\AssignmentNo13\AssignmentNo13\Debug\link.5172-rc.read.1.tlog
C:\Users\Fritz\Documents\UNLV\SPRING 2013\CS 202\AssignmentNo13\AssignmentNo13\Debug\link.5172-rc.write.1.tlog
C:\Users\Fritz\Documents\UNLV\SPRING 2013\CS 202\AssignmentNo13\AssignmentNo13\Debug\link.5172.read.1.tlog
C:\Users\Fritz\Documents\UNLV\SPRING 2013\CS 202\AssignmentNo13\AssignmentNo13\Debug\link.5172.write.1.tlog
C:\Users\Fritz\Documents\UNLV\SPRING 2013\CS 202\AssignmentNo13\AssignmentNo13\Debug\link.command.1.tlog
C:\Users\Fritz\Documents\UNLV\SPRING 2013\CS 202\AssignmentNo13\AssignmentNo13\Debug\link.read.1.tlog
C:\Users\Fritz\Documents\UNLV\SPRING 2013\CS 202\AssignmentNo13\AssignmentNo13\Debug\link.write.1.tlog
C:\Users\Fritz\Documents\UNLV\SPRING 2013\CS 202\AssignmentNo13\AssignmentNo13\Debug\vc110.idb
C:\Users\Fritz\Documents\UNLV\SPRING 2013\CS 202\AssignmentNo13\AssignmentNo13\Debug\vc110.pdb
C:\Users\Fritz\Documents\UNLV\SPRING 2013\CS 202\AssignmentNo13\Debug\AssignmentNo13.pdb
C:\Users\Fritz\Documents\UNLV\SPRING 2013\CS 202\AssignmentNo13\Debug\AssignmentNo13.exe
C:\Users\Fritz\Documents\UNLV\SPRING 2013\CS 202\AssignmentNo13\Debug\AssignmentNo13.ilk
