C:\USERS\FRITZ\DOCUMENTS\UNLV\SPRING 2013\CS 202\HW\ASSIGNMENTNO10\ASSIGNMENTNO10\DEBUG\MAIN.OBJ
C:\USERS\FRITZ\DOCUMENTS\UNLV\SPRING 2013\CS 202\HW\ASSIGNMENTNO10\ASSIGNMENTNO10\DEBUG\VC110.PDB
C:\USERS\FRITZ\DOCUMENTS\UNLV\SPRING 2013\CS 202\HW\ASSIGNMENTNO10\DEBUG\ASSIGNMENTNO10.ILK
C:\USERS\FRITZ\DOCUMENTS\UNLV\SPRING 2013\CS 202\HW\ASSIGNMENTNO10\DEBUG\ASSIGNMENTNO10.EXE
C:\USERS\FRITZ\DOCUMENTS\UNLV\SPRING 2013\CS 202\HW\ASSIGNMENTNO10\DEBUG\ASSIGNMENTNO10.PDB
C:\Users\Fritz\Documents\UNLV\SPRING 2013\CS 202\HW\AssignmentNo10\AssignmentNo10\Debug\main.obj
C:\Users\Fritz\Documents\UNLV\SPRING 2013\CS 202\HW\AssignmentNo10\AssignmentNo10\Debug\cl.command.1.tlog
C:\Users\Fritz\Documents\UNLV\SPRING 2013\CS 202\HW\AssignmentNo10\AssignmentNo10\Debug\CL.read.1.tlog
C:\Users\Fritz\Documents\UNLV\SPRING 2013\CS 202\HW\AssignmentNo10\AssignmentNo10\Debug\CL.write.1.tlog
C:\Users\Fritz\Documents\UNLV\SPRING 2013\CS 202\HW\AssignmentNo10\AssignmentNo10\Debug\link-cvtres.read.1.tlog
C:\Users\Fritz\Documents\UNLV\SPRING 2013\CS 202\HW\AssignmentNo10\AssignmentNo10\Debug\link-cvtres.write.1.tlog
C:\Users\Fritz\Documents\UNLV\SPRING 2013\CS 202\HW\AssignmentNo10\AssignmentNo10\Debug\link-rc.read.1.tlog
C:\Users\Fritz\Documents\UNLV\SPRING 2013\CS 202\HW\AssignmentNo10\AssignmentNo10\Debug\link-rc.write.1.tlog
C:\Users\Fritz\Documents\UNLV\SPRING 2013\CS 202\HW\AssignmentNo10\AssignmentNo10\Debug\link.command.1.tlog
C:\Users\Fritz\Documents\UNLV\SPRING 2013\CS 202\HW\AssignmentNo10\AssignmentNo10\Debug\link.read.1.tlog
C:\Users\Fritz\Documents\UNLV\SPRING 2013\CS 202\HW\AssignmentNo10\AssignmentNo10\Debug\link.write.1.tlog
C:\Users\Fritz\Documents\UNLV\SPRING 2013\CS 202\HW\AssignmentNo10\AssignmentNo10\Debug\vc110.idb
C:\Users\Fritz\Documents\UNLV\SPRING 2013\CS 202\HW\AssignmentNo10\AssignmentNo10\Debug\vc110.pdb
C:\Users\Fritz\Documents\UNLV\SPRING 2013\CS 202\HW\AssignmentNo10\Debug\AssignmentNo10.pdb
C:\Users\Fritz\Documents\UNLV\SPRING 2013\CS 202\HW\AssignmentNo10\Debug\AssignmentNo10.exe
C:\Users\Fritz\Documents\UNLV\SPRING 2013\CS 202\HW\AssignmentNo10\Debug\AssignmentNo10.ilk
